<?xml version="1.0" encoding="UTF-8"?>
<!-- Generated by org.testng.reporters.JUnitReportReporter -->
<testsuite hostname="DESKTOP-2MC1JS9" failures="0" tests="1" name="com.Automation.TestScript.DropdownHandling" time="23.814" errors="0" timestamp="2023-06-19T12:26:10 IST" skipped="0">
  <testcase classname="com.Automation.TestScript.DropdownHandling" name="dropDownHandling" time="23.814"/>
  <system-out>
    <![CDATA[MODIFICATIONS NOT SAVED]]>
  </system-out>
</testsuite> <!-- com.Automation.TestScript.DropdownHandling -->
