<?xml version="1.0" encoding="UTF-8"?>
<!-- Generated by org.testng.reporters.JUnitReportReporter -->
<testsuite hostname="DESKTOP-2MC1JS9" failures="0" tests="1" name="com.Automation.TestScript.CreateCustomer" time="32.532" errors="0" timestamp="2023-06-19T12:23:42 IST" skipped="0">
  <testcase classname="com.Automation.TestScript.CreateCustomer" name="createCustomer" time="32.532"/>
  <system-out>
    <![CDATA[TestCase is passed]]>
  </system-out>
</testsuite> <!-- com.Automation.TestScript.CreateCustomer -->
