<?xml version="1.0" encoding="UTF-8"?>
<!-- Generated by org.testng.reporters.JUnitReportReporter -->
<testsuite hostname="DESKTOP-2MC1JS9" failures="0" tests="1" name="com.Automation.TestScript.AlertsHandling" time="23.680" errors="0" timestamp="2023-06-19T12:24:54 IST" skipped="0">
  <testcase classname="com.Automation.TestScript.AlertsHandling" name="alertHandling" time="23.680"/>
  <system-out>
    <![CDATA[Are you sure you want to cancel the Type of Work creation?]]>
  </system-out>
</testsuite> <!-- com.Automation.TestScript.AlertsHandling -->
